{"__type":"$$EventMessageAudit","id":"a8e66fad-a9d6-4d1e-ab16-3988c0dabfee","ts":"2025-09-03T05:25:50.812+01:00","eventName":"n8n.audit.workflow.updated","message":"n8n.audit.workflow.updated","payload":{"userId":"b2022a35-d8fa-4dbb-942c-11eee200dc0c","_email":"mahmudsuberu9@gmail.com","_firstName":"mahmud","_lastName":"suberu","globalRole":"global:owner","workflowId":"Qgqo2wDU24kOSTbk","workflowName":"Mock Data to WordPress (Webhook Response)"}}
{"__type":"$$EventMessageConfirm","confirm":"a8e66fad-a9d6-4d1e-ab16-3988c0dabfee","ts":"2025-09-03T05:25:50.813+01:00","source":{"id":"0","name":"eventBus"}}
{"__type":"$$EventMessageAudit","id":"c3ec5810-60a9-4a14-9838-ea68ba271b4b","ts":"2025-09-03T05:25:52.096+01:00","eventName":"n8n.audit.workflow.updated","message":"n8n.audit.workflow.updated","payload":{"userId":"b2022a35-d8fa-4dbb-942c-11eee200dc0c","_email":"mahmudsuberu9@gmail.com","_firstName":"mahmud","_lastName":"suberu","globalRole":"global:owner","workflowId":"4kpbVRJOFuXlDJ0b","workflowName":"Mock Data to WordPress (Webhook Response)"}}
{"__type":"$$EventMessageConfirm","confirm":"c3ec5810-60a9-4a14-9838-ea68ba271b4b","ts":"2025-09-03T05:25:52.098+01:00","source":{"id":"0","name":"eventBus"}}
{"__type":"$$EventMessageWorkflow","id":"34c67733-3b60-406b-af22-91457ea88d9a","ts":"2025-09-03T05:26:25.604+01:00","eventName":"n8n.workflow.started","message":"n8n.workflow.started","payload":{"executionId":"7","workflowId":"4kpbVRJOFuXlDJ0b","isManual":false,"workflowName":"Mock Data to WordPress (Webhook Response)"}}
{"__type":"$$EventMessageConfirm","confirm":"34c67733-3b60-406b-af22-91457ea88d9a","ts":"2025-09-03T05:26:25.605+01:00","source":{"id":"0","name":"eventBus"}}
{"__type":"$$EventMessageNode","id":"bf85cba4-5a05-4d3a-9cc5-8744077eb71d","ts":"2025-09-03T05:26:25.616+01:00","eventName":"n8n.node.started","message":"n8n.node.started","payload":{"workflowId":"4kpbVRJOFuXlDJ0b","workflowName":"Mock Data to WordPress (Webhook Response)","executionId":"7","nodeType":"n8n-nodes-base.webhook","nodeName":"Webhook Trigger","nodeId":"5a60e233-a112-4051-9374-a33846a33cb1"}}
{"__type":"$$EventMessageConfirm","confirm":"bf85cba4-5a05-4d3a-9cc5-8744077eb71d","ts":"2025-09-03T05:26:25.617+01:00","source":{"id":"0","name":"eventBus"}}
{"__type":"$$EventMessageNode","id":"4e44d425-006c-4ab7-9464-d77a6c8e0a35","ts":"2025-09-03T05:26:25.621+01:00","eventName":"n8n.node.finished","message":"n8n.node.finished","payload":{"workflowId":"4kpbVRJOFuXlDJ0b","workflowName":"Mock Data to WordPress (Webhook Response)","executionId":"7","nodeType":"n8n-nodes-base.webhook","nodeName":"Webhook Trigger","nodeId":"5a60e233-a112-4051-9374-a33846a33cb1"}}
{"__type":"$$EventMessageConfirm","confirm":"4e44d425-006c-4ab7-9464-d77a6c8e0a35","ts":"2025-09-03T05:26:25.621+01:00","source":{"id":"0","name":"eventBus"}}
{"__type":"$$EventMessageNode","id":"97394516-cf30-441c-b814-08e34b7981d3","ts":"2025-09-03T05:26:25.624+01:00","eventName":"n8n.node.started","message":"n8n.node.started","payload":{"workflowId":"4kpbVRJOFuXlDJ0b","workflowName":"Mock Data to WordPress (Webhook Response)","executionId":"7","nodeType":"n8n-nodes-base.httpRequest","nodeName":"Fetch Mock Data","nodeId":"22d38f0e-a8fc-4deb-a513-83975393fa05"}}
{"__type":"$$EventMessageConfirm","confirm":"97394516-cf30-441c-b814-08e34b7981d3","ts":"2025-09-03T05:26:25.624+01:00","source":{"id":"0","name":"eventBus"}}
{"__type":"$$EventMessageNode","id":"f365d1b9-09a0-4efe-a21c-fd9828fd3de1","ts":"2025-09-03T05:26:25.723+01:00","eventName":"n8n.node.finished","message":"n8n.node.finished","payload":{"workflowId":"4kpbVRJOFuXlDJ0b","workflowName":"Mock Data to WordPress (Webhook Response)","executionId":"7","nodeType":"n8n-nodes-base.httpRequest","nodeName":"Fetch Mock Data","nodeId":"22d38f0e-a8fc-4deb-a513-83975393fa05"}}
{"__type":"$$EventMessageConfirm","confirm":"f365d1b9-09a0-4efe-a21c-fd9828fd3de1","ts":"2025-09-03T05:26:25.723+01:00","source":{"id":"0","name":"eventBus"}}
{"__type":"$$EventMessageNode","id":"79cd271d-07ed-4f0b-a2db-3f2e383988b8","ts":"2025-09-03T05:26:25.726+01:00","eventName":"n8n.node.started","message":"n8n.node.started","payload":{"workflowId":"4kpbVRJOFuXlDJ0b","workflowName":"Mock Data to WordPress (Webhook Response)","executionId":"7","nodeType":"n8n-nodes-base.respondToWebhook","nodeName":"Respond to Webhook","nodeId":"69724b21-2aaa-4d9a-9a23-0ebff7460b50"}}
{"__type":"$$EventMessageConfirm","confirm":"79cd271d-07ed-4f0b-a2db-3f2e383988b8","ts":"2025-09-03T05:26:25.726+01:00","source":{"id":"0","name":"eventBus"}}
{"__type":"$$EventMessageNode","id":"f040ce04-9a7b-4da1-a626-d828443dc61a","ts":"2025-09-03T05:26:25.737+01:00","eventName":"n8n.node.finished","message":"n8n.node.finished","payload":{"workflowId":"4kpbVRJOFuXlDJ0b","workflowName":"Mock Data to WordPress (Webhook Response)","executionId":"7","nodeType":"n8n-nodes-base.respondToWebhook","nodeName":"Respond to Webhook","nodeId":"69724b21-2aaa-4d9a-9a23-0ebff7460b50"}}
{"__type":"$$EventMessageConfirm","confirm":"f040ce04-9a7b-4da1-a626-d828443dc61a","ts":"2025-09-03T05:26:25.739+01:00","source":{"id":"0","name":"eventBus"}}
{"__type":"$$EventMessageWorkflow","id":"73d5bf17-ec41-4255-a46d-c576a41a60c8","ts":"2025-09-03T05:26:25.749+01:00","eventName":"n8n.workflow.success","message":"n8n.workflow.success","payload":{"executionId":"7","success":true,"isManual":true,"workflowId":"4kpbVRJOFuXlDJ0b","workflowName":"Mock Data to WordPress (Webhook Response)"}}
{"__type":"$$EventMessageConfirm","confirm":"73d5bf17-ec41-4255-a46d-c576a41a60c8","ts":"2025-09-03T05:26:25.759+01:00","source":{"id":"0","name":"eventBus"}}
